This is pdfTeX, Version 3.14159265-2.6-1.40.21 (TeX Live 2020/W32TeX) (preloaded format=pdflatex 2020.11.28)  12 DEC 2020 09:18
entering extended mode
 restricted \write18 enabled.
 %&-line parsing enabled.
**Shadow_Banking.tex
(./Shadow_Banking.tex
LaTeX2e <2020-10-01> patch level 2
L3 programming layer <2020-10-27> xparse <2020-03-03>
(c:/Users/sharkmanhmz/AppData/Roaming/TinyTeX/texmf-dist/tex/latex/beamer/beame
r.cls
Document Class: beamer 2020/07/22 v3.59 A class for typesetting presentations

(c:/Users/sharkmanhmz/AppData/Roaming/TinyTeX/texmf-dist/tex/latex/beamer/beame
rbasemodes.sty
(c:/Users/sharkmanhmz/AppData/Roaming/TinyTeX/texmf-dist/tex/latex/etoolbox/eto
olbox.sty
Package: etoolbox 2020/10/05 v2.5k e-TeX tools for LaTeX (JAW)
\etb@tempcnta=\count175
)
\beamer@tempbox=\box47
\beamer@tempcount=\count176
\c@beamerpauses=\count177

(c:/Users/sharkmanhmz/AppData/Roaming/TinyTeX/texmf-dist/tex/latex/beamer/beame
rbasedecode.sty
\beamer@slideinframe=\count178
\beamer@minimum=\count179
\beamer@decode@box=\box48
)
\beamer@commentbox=\box49
\beamer@modecount=\count180
)
(c:/Users/sharkmanhmz/AppData/Roaming/TinyTeX/texmf-dist/tex/generic/iftex/ifpd
f.sty
Package: ifpdf 2019/10/25 v3.4 ifpdf legacy package. Use iftex instead.

(c:/Users/sharkmanhmz/AppData/Roaming/TinyTeX/texmf-dist/tex/generic/iftex/ifte
x.sty
Package: iftex 2020/03/06 v1.0d TeX engine tests
))
\headdp=\dimen138
\footheight=\dimen139
\sidebarheight=\dimen140
\beamer@tempdim=\dimen141
\beamer@finalheight=\dimen142
\beamer@animht=\dimen143
\beamer@animdp=\dimen144
\beamer@animwd=\dimen145
\beamer@leftmargin=\dimen146
\beamer@rightmargin=\dimen147
\beamer@leftsidebar=\dimen148
\beamer@rightsidebar=\dimen149
\beamer@boxsize=\dimen150
\beamer@vboxoffset=\dimen151
\beamer@descdefault=\dimen152
\beamer@descriptionwidth=\dimen153
\beamer@lastskip=\skip47
\beamer@areabox=\box50
\beamer@animcurrent=\box51
\beamer@animshowbox=\box52
\beamer@sectionbox=\box53
\beamer@logobox=\box54
\beamer@linebox=\box55
\beamer@sectioncount=\count181
\beamer@subsubsectionmax=\count182
\beamer@subsectionmax=\count183
\beamer@sectionmax=\count184
\beamer@totalheads=\count185
\beamer@headcounter=\count186
\beamer@partstartpage=\count187
\beamer@sectionstartpage=\count188
\beamer@subsectionstartpage=\count189
\beamer@animationtempa=\count190
\beamer@animationtempb=\count191
\beamer@xpos=\count192
\beamer@ypos=\count193
\beamer@ypos@offset=\count194
\beamer@showpartnumber=\count195
\beamer@currentsubsection=\count196
\beamer@coveringdepth=\count197
\beamer@sectionadjust=\count198
\beamer@tocsectionnumber=\count199

(c:/Users/sharkmanhmz/AppData/Roaming/TinyTeX/texmf-dist/tex/latex/beamer/beame
rbaseoptions.sty
(c:/Users/sharkmanhmz/AppData/Roaming/TinyTeX/texmf-dist/tex/latex/graphics/key
val.sty
Package: keyval 2014/10/28 v1.15 key=value parser (DPC)
\KV@toks@=\toks15
))
\beamer@paperwidth=\skip48
\beamer@paperheight=\skip49

(c:/Users/sharkmanhmz/AppData/Roaming/TinyTeX/texmf-dist/tex/latex/geometry/geo
metry.sty
Package: geometry 2020/01/02 v5.9 Page Geometry

(c:/Users/sharkmanhmz/AppData/Roaming/TinyTeX/texmf-dist/tex/generic/iftex/ifvt
ex.sty
Package: ifvtex 2019/10/25 v1.7 ifvtex legacy package. Use iftex instead.
)
\Gm@cnth=\count266
\Gm@cntv=\count267
\c@Gm@tempcnt=\count268
\Gm@bindingoffset=\dimen154
\Gm@wd@mp=\dimen155
\Gm@odd@mp=\dimen156
\Gm@even@mp=\dimen157
\Gm@layoutwidth=\dimen158
\Gm@layoutheight=\dimen159
\Gm@layouthoffset=\dimen160
\Gm@layoutvoffset=\dimen161
\Gm@dimlist=\toks16
)
(c:/Users/sharkmanhmz/AppData/Roaming/TinyTeX/texmf-dist/tex/latex/base/size11.
clo
File: size11.clo 2020/04/10 v1.4m Standard LaTeX file (size option)
)
(c:/Users/sharkmanhmz/AppData/Roaming/TinyTeX/texmf-dist/tex/latex/pgf/basiclay
er/pgfcore.sty
(c:/Users/sharkmanhmz/AppData/Roaming/TinyTeX/texmf-dist/tex/latex/graphics/gra
phicx.sty
Package: graphicx 2020/09/09 v1.2b Enhanced LaTeX Graphics (DPC,SPQR)

(c:/Users/sharkmanhmz/AppData/Roaming/TinyTeX/texmf-dist/tex/latex/graphics/gra
phics.sty
Package: graphics 2020/08/30 v1.4c Standard LaTeX Graphics (DPC,SPQR)

(c:/Users/sharkmanhmz/AppData/Roaming/TinyTeX/texmf-dist/tex/latex/graphics/tri
g.sty
Package: trig 2016/01/03 v1.10 sin cos tan (DPC)
)
(c:/Users/sharkmanhmz/AppData/Roaming/TinyTeX/texmf-dist/tex/latex/graphics-cfg
/graphics.cfg
File: graphics.cfg 2016/06/04 v1.11 sample graphics configuration
)
Package graphics Info: Driver file: pdftex.def on input line 105.

(c:/Users/sharkmanhmz/AppData/Roaming/TinyTeX/texmf-dist/tex/latex/graphics-def
/pdftex.def
File: pdftex.def 2020/10/05 v1.2a Graphics/color driver for pdftex
))
\Gin@req@height=\dimen162
\Gin@req@width=\dimen163
)
(c:/Users/sharkmanhmz/AppData/Roaming/TinyTeX/texmf-dist/tex/latex/pgf/systemla
yer/pgfsys.sty
(c:/Users/sharkmanhmz/AppData/Roaming/TinyTeX/texmf-dist/tex/latex/pgf/utilitie
s/pgfrcs.sty
(c:/Users/sharkmanhmz/AppData/Roaming/TinyTeX/texmf-dist/tex/generic/pgf/utilit
ies/pgfutil-common.tex
\pgfutil@everybye=\toks17
\pgfutil@tempdima=\dimen164
\pgfutil@tempdimb=\dimen165

(c:/Users/sharkmanhmz/AppData/Roaming/TinyTeX/texmf-dist/tex/generic/pgf/utilit
ies/pgfutil-common-lists.tex))
(c:/Users/sharkmanhmz/AppData/Roaming/TinyTeX/texmf-dist/tex/generic/pgf/utilit
ies/pgfutil-latex.def
\pgfutil@abb=\box56
)
(c:/Users/sharkmanhmz/AppData/Roaming/TinyTeX/texmf-dist/tex/generic/pgf/utilit
ies/pgfrcs.code.tex
(c:/Users/sharkmanhmz/AppData/Roaming/TinyTeX/texmf-dist/tex/generic/pgf/pgf.re
vision.tex)
Package: pgfrcs 2020/11/23 v3.1.7 (3.1.7)
))
(c:/Users/sharkmanhmz/AppData/Roaming/TinyTeX/texmf-dist/tex/generic/pgf/system
layer/pgfsys.code.tex
Package: pgfsys 2020/11/23 v3.1.7 (3.1.7)

(c:/Users/sharkmanhmz/AppData/Roaming/TinyTeX/texmf-dist/tex/generic/pgf/utilit
ies/pgfkeys.code.tex
\pgfkeys@pathtoks=\toks18
\pgfkeys@temptoks=\toks19

(c:/Users/sharkmanhmz/AppData/Roaming/TinyTeX/texmf-dist/tex/generic/pgf/utilit
ies/pgfkeysfiltered.code.tex
\pgfkeys@tmptoks=\toks20
))
\pgf@x=\dimen166
\pgf@y=\dimen167
\pgf@xa=\dimen168
\pgf@ya=\dimen169
\pgf@xb=\dimen170
\pgf@yb=\dimen171
\pgf@xc=\dimen172
\pgf@yc=\dimen173
\pgf@xd=\dimen174
\pgf@yd=\dimen175
\w@pgf@writea=\write3
\r@pgf@reada=\read2
\c@pgf@counta=\count269
\c@pgf@countb=\count270
\c@pgf@countc=\count271
\c@pgf@countd=\count272
\t@pgf@toka=\toks21
\t@pgf@tokb=\toks22
\t@pgf@tokc=\toks23
\pgf@sys@id@count=\count273

(c:/Users/sharkmanhmz/AppData/Roaming/TinyTeX/texmf-dist/tex/generic/pgf/system
layer/pgf.cfg
File: pgf.cfg 2020/11/23 v3.1.7 (3.1.7)
)
Driver file for pgf: pgfsys-pdftex.def

(c:/Users/sharkmanhmz/AppData/Roaming/TinyTeX/texmf-dist/tex/generic/pgf/system
layer/pgfsys-pdftex.def
File: pgfsys-pdftex.def 2020/11/23 v3.1.7 (3.1.7)

(c:/Users/sharkmanhmz/AppData/Roaming/TinyTeX/texmf-dist/tex/generic/pgf/system
layer/pgfsys-common-pdf.def
File: pgfsys-common-pdf.def 2020/11/23 v3.1.7 (3.1.7)
)))
(c:/Users/sharkmanhmz/AppData/Roaming/TinyTeX/texmf-dist/tex/generic/pgf/system
layer/pgfsyssoftpath.code.tex
File: pgfsyssoftpath.code.tex 2020/11/23 v3.1.7 (3.1.7)
\pgfsyssoftpath@smallbuffer@items=\count274
\pgfsyssoftpath@bigbuffer@items=\count275
)
(c:/Users/sharkmanhmz/AppData/Roaming/TinyTeX/texmf-dist/tex/generic/pgf/system
layer/pgfsysprotocol.code.tex
File: pgfsysprotocol.code.tex 2020/11/23 v3.1.7 (3.1.7)
))
(c:/Users/sharkmanhmz/AppData/Roaming/TinyTeX/texmf-dist/tex/latex/xcolor/xcolo
r.sty
Package: xcolor 2016/05/11 v2.12 LaTeX color extensions (UK)

(c:/Users/sharkmanhmz/AppData/Roaming/TinyTeX/texmf-dist/tex/latex/graphics-cfg
/color.cfg
File: color.cfg 2016/01/02 v1.6 sample color configuration
)
Package xcolor Info: Driver file: pdftex.def on input line 225.
Package xcolor Info: Model `cmy' substituted by `cmy0' on input line 1348.
Package xcolor Info: Model `hsb' substituted by `rgb' on input line 1352.
Package xcolor Info: Model `RGB' extended on input line 1364.
Package xcolor Info: Model `HTML' substituted by `rgb' on input line 1366.
Package xcolor Info: Model `Hsb' substituted by `hsb' on input line 1367.
Package xcolor Info: Model `tHsb' substituted by `hsb' on input line 1368.
Package xcolor Info: Model `HSB' substituted by `hsb' on input line 1369.
Package xcolor Info: Model `Gray' substituted by `gray' on input line 1370.
Package xcolor Info: Model `wave' substituted by `hsb' on input line 1371.
)
(c:/Users/sharkmanhmz/AppData/Roaming/TinyTeX/texmf-dist/tex/generic/pgf/basicl
ayer/pgfcore.code.tex
Package: pgfcore 2020/11/23 v3.1.7 (3.1.7)

(c:/Users/sharkmanhmz/AppData/Roaming/TinyTeX/texmf-dist/tex/generic/pgf/math/p
gfmath.code.tex
(c:/Users/sharkmanhmz/AppData/Roaming/TinyTeX/texmf-dist/tex/generic/pgf/math/p
gfmathcalc.code.tex
(c:/Users/sharkmanhmz/AppData/Roaming/TinyTeX/texmf-dist/tex/generic/pgf/math/p
gfmathutil.code.tex)
(c:/Users/sharkmanhmz/AppData/Roaming/TinyTeX/texmf-dist/tex/generic/pgf/math/p
gfmathparser.code.tex
\pgfmath@dimen=\dimen176
\pgfmath@count=\count276
\pgfmath@box=\box57
\pgfmath@toks=\toks24
\pgfmath@stack@operand=\toks25
\pgfmath@stack@operation=\toks26
)
(c:/Users/sharkmanhmz/AppData/Roaming/TinyTeX/texmf-dist/tex/generic/pgf/math/p
gfmathfunctions.code.tex
(c:/Users/sharkmanhmz/AppData/Roaming/TinyTeX/texmf-dist/tex/generic/pgf/math/p
gfmathfunctions.basic.code.tex)
(c:/Users/sharkmanhmz/AppData/Roaming/TinyTeX/texmf-dist/tex/generic/pgf/math/p
gfmathfunctions.trigonometric.code.tex)
(c:/Users/sharkmanhmz/AppData/Roaming/TinyTeX/texmf-dist/tex/generic/pgf/math/p
gfmathfunctions.random.code.tex)
(c:/Users/sharkmanhmz/AppData/Roaming/TinyTeX/texmf-dist/tex/generic/pgf/math/p
gfmathfunctions.comparison.code.tex)
(c:/Users/sharkmanhmz/AppData/Roaming/TinyTeX/texmf-dist/tex/generic/pgf/math/p
gfmathfunctions.base.code.tex)
(c:/Users/sharkmanhmz/AppData/Roaming/TinyTeX/texmf-dist/tex/generic/pgf/math/p
gfmathfunctions.round.code.tex)
(c:/Users/sharkmanhmz/AppData/Roaming/TinyTeX/texmf-dist/tex/generic/pgf/math/p
gfmathfunctions.misc.code.tex)
(c:/Users/sharkmanhmz/AppData/Roaming/TinyTeX/texmf-dist/tex/generic/pgf/math/p
gfmathfunctions.integerarithmetics.code.tex)))
(c:/Users/sharkmanhmz/AppData/Roaming/TinyTeX/texmf-dist/tex/generic/pgf/math/p
gfmathfloat.code.tex
\c@pgfmathroundto@lastzeros=\count277
))
(c:/Users/sharkmanhmz/AppData/Roaming/TinyTeX/texmf-dist/tex/generic/pgf/math/p
gfint.code.tex)
(c:/Users/sharkmanhmz/AppData/Roaming/TinyTeX/texmf-dist/tex/generic/pgf/basicl
ayer/pgfcorepoints.code.tex
File: pgfcorepoints.code.tex 2020/11/23 v3.1.7 (3.1.7)
\pgf@picminx=\dimen177
\pgf@picmaxx=\dimen178
\pgf@picminy=\dimen179
\pgf@picmaxy=\dimen180
\pgf@pathminx=\dimen181
\pgf@pathmaxx=\dimen182
\pgf@pathminy=\dimen183
\pgf@pathmaxy=\dimen184
\pgf@xx=\dimen185
\pgf@xy=\dimen186
\pgf@yx=\dimen187
\pgf@yy=\dimen188
\pgf@zx=\dimen189
\pgf@zy=\dimen190
)
(c:/Users/sharkmanhmz/AppData/Roaming/TinyTeX/texmf-dist/tex/generic/pgf/basicl
ayer/pgfcorepathconstruct.code.tex
File: pgfcorepathconstruct.code.tex 2020/11/23 v3.1.7 (3.1.7)
\pgf@path@lastx=\dimen191
\pgf@path@lasty=\dimen192
)
(c:/Users/sharkmanhmz/AppData/Roaming/TinyTeX/texmf-dist/tex/generic/pgf/basicl
ayer/pgfcorepathusage.code.tex
File: pgfcorepathusage.code.tex 2020/11/23 v3.1.7 (3.1.7)
\pgf@shorten@end@additional=\dimen193
\pgf@shorten@start@additional=\dimen194
)
(c:/Users/sharkmanhmz/AppData/Roaming/TinyTeX/texmf-dist/tex/generic/pgf/basicl
ayer/pgfcorescopes.code.tex
File: pgfcorescopes.code.tex 2020/11/23 v3.1.7 (3.1.7)
\pgfpic=\box58
\pgf@hbox=\box59
\pgf@layerbox@main=\box60
\pgf@picture@serial@count=\count278
)
(c:/Users/sharkmanhmz/AppData/Roaming/TinyTeX/texmf-dist/tex/generic/pgf/basicl
ayer/pgfcoregraphicstate.code.tex
File: pgfcoregraphicstate.code.tex 2020/11/23 v3.1.7 (3.1.7)
\pgflinewidth=\dimen195
)
(c:/Users/sharkmanhmz/AppData/Roaming/TinyTeX/texmf-dist/tex/generic/pgf/basicl
ayer/pgfcoretransformations.code.tex
File: pgfcoretransformations.code.tex 2020/11/23 v3.1.7 (3.1.7)
\pgf@pt@x=\dimen196
\pgf@pt@y=\dimen197
\pgf@pt@temp=\dimen198
)
(c:/Users/sharkmanhmz/AppData/Roaming/TinyTeX/texmf-dist/tex/generic/pgf/basicl
ayer/pgfcorequick.code.tex
File: pgfcorequick.code.tex 2020/11/23 v3.1.7 (3.1.7)
)
(c:/Users/sharkmanhmz/AppData/Roaming/TinyTeX/texmf-dist/tex/generic/pgf/basicl
ayer/pgfcoreobjects.code.tex
File: pgfcoreobjects.code.tex 2020/11/23 v3.1.7 (3.1.7)
)
(c:/Users/sharkmanhmz/AppData/Roaming/TinyTeX/texmf-dist/tex/generic/pgf/basicl
ayer/pgfcorepathprocessing.code.tex
File: pgfcorepathprocessing.code.tex 2020/11/23 v3.1.7 (3.1.7)
)
(c:/Users/sharkmanhmz/AppData/Roaming/TinyTeX/texmf-dist/tex/generic/pgf/basicl
ayer/pgfcorearrows.code.tex
File: pgfcorearrows.code.tex 2020/11/23 v3.1.7 (3.1.7)
\pgfarrowsep=\dimen199
)
(c:/Users/sharkmanhmz/AppData/Roaming/TinyTeX/texmf-dist/tex/generic/pgf/basicl
ayer/pgfcoreshade.code.tex
File: pgfcoreshade.code.tex 2020/11/23 v3.1.7 (3.1.7)
\pgf@max=\dimen256
\pgf@sys@shading@range@num=\count279
\pgf@shadingcount=\count280
)
(c:/Users/sharkmanhmz/AppData/Roaming/TinyTeX/texmf-dist/tex/generic/pgf/basicl
ayer/pgfcoreimage.code.tex
File: pgfcoreimage.code.tex 2020/11/23 v3.1.7 (3.1.7)

(c:/Users/sharkmanhmz/AppData/Roaming/TinyTeX/texmf-dist/tex/generic/pgf/basicl
ayer/pgfcoreexternal.code.tex
File: pgfcoreexternal.code.tex 2020/11/23 v3.1.7 (3.1.7)
\pgfexternal@startupbox=\box61
))
(c:/Users/sharkmanhmz/AppData/Roaming/TinyTeX/texmf-dist/tex/generic/pgf/basicl
ayer/pgfcorelayers.code.tex
File: pgfcorelayers.code.tex 2020/11/23 v3.1.7 (3.1.7)
)
(c:/Users/sharkmanhmz/AppData/Roaming/TinyTeX/texmf-dist/tex/generic/pgf/basicl
ayer/pgfcoretransparency.code.tex
File: pgfcoretransparency.code.tex 2020/11/23 v3.1.7 (3.1.7)
)
(c:/Users/sharkmanhmz/AppData/Roaming/TinyTeX/texmf-dist/tex/generic/pgf/basicl
ayer/pgfcorepatterns.code.tex
File: pgfcorepatterns.code.tex 2020/11/23 v3.1.7 (3.1.7)
)
(c:/Users/sharkmanhmz/AppData/Roaming/TinyTeX/texmf-dist/tex/generic/pgf/basicl
ayer/pgfcorerdf.code.tex
File: pgfcorerdf.code.tex 2020/11/23 v3.1.7 (3.1.7)
)))
(c:/Users/sharkmanhmz/AppData/Roaming/TinyTeX/texmf-dist/tex/latex/pgf/utilitie
s/xxcolor.sty
Package: xxcolor 2003/10/24 ver 0.1
\XC@nummixins=\count281
\XC@countmixins=\count282
)
(c:/Users/sharkmanhmz/AppData/Roaming/TinyTeX/texmf-dist/tex/latex/base/atbegsh
i-ltx.sty
Package: atbegshi-ltx 2020/08/17 v1.0a Emulation of the original atbegshi packa
ge
with kernel methods
)
(c:/Users/sharkmanhmz/AppData/Roaming/TinyTeX/texmf-dist/tex/latex/hyperref/hyp
erref.sty
Package: hyperref 2020-05-15 v7.00e Hypertext links for LaTeX

(c:/Users/sharkmanhmz/AppData/Roaming/TinyTeX/texmf-dist/tex/generic/ltxcmds/lt
xcmds.sty
Package: ltxcmds 2020-05-10 v1.25 LaTeX kernel commands for general use (HO)
)
(c:/Users/sharkmanhmz/AppData/Roaming/TinyTeX/texmf-dist/tex/generic/pdftexcmds
/pdftexcmds.sty
Package: pdftexcmds 2020-06-27 v0.33 Utility functions of pdfTeX for LuaTeX (HO
)

(c:/Users/sharkmanhmz/AppData/Roaming/TinyTeX/texmf-dist/tex/generic/infwarerr/
infwarerr.sty
Package: infwarerr 2019/12/03 v1.5 Providing info/warning/error messages (HO)
)
Package pdftexcmds Info: \pdf@primitive is available.
Package pdftexcmds Info: \pdf@ifprimitive is available.
Package pdftexcmds Info: \pdfdraftmode found.
)
(c:/Users/sharkmanhmz/AppData/Roaming/TinyTeX/texmf-dist/tex/generic/kvsetkeys/
kvsetkeys.sty
Package: kvsetkeys 2019/12/15 v1.18 Key value parser (HO)
)
(c:/Users/sharkmanhmz/AppData/Roaming/TinyTeX/texmf-dist/tex/generic/kvdefineke
ys/kvdefinekeys.sty
Package: kvdefinekeys 2019-12-19 v1.6 Define keys (HO)
)
(c:/Users/sharkmanhmz/AppData/Roaming/TinyTeX/texmf-dist/tex/generic/pdfescape/
pdfescape.sty
Package: pdfescape 2019/12/09 v1.15 Implements pdfTeX's escape features (HO)
)
(c:/Users/sharkmanhmz/AppData/Roaming/TinyTeX/texmf-dist/tex/latex/hycolor/hyco
lor.sty
Package: hycolor 2020-01-27 v1.10 Color options for hyperref/bookmark (HO)
)
(c:/Users/sharkmanhmz/AppData/Roaming/TinyTeX/texmf-dist/tex/latex/letltxmacro/
letltxmacro.sty
Package: letltxmacro 2019/12/03 v1.6 Let assignment for LaTeX macros (HO)
)
(c:/Users/sharkmanhmz/AppData/Roaming/TinyTeX/texmf-dist/tex/latex/auxhook/auxh
ook.sty
Package: auxhook 2019-12-17 v1.6 Hooks for auxiliary files (HO)
)
(c:/Users/sharkmanhmz/AppData/Roaming/TinyTeX/texmf-dist/tex/latex/kvoptions/kv
options.sty
Package: kvoptions 2020-10-07 v3.14 Key value format for package options (HO)
)
\@linkdim=\dimen257
\Hy@linkcounter=\count283
\Hy@pagecounter=\count284

(c:/Users/sharkmanhmz/AppData/Roaming/TinyTeX/texmf-dist/tex/latex/hyperref/pd1
enc.def
File: pd1enc.def 2020-05-15 v7.00e Hyperref: PDFDocEncoding definition (HO)
Now handling font encoding PD1 ...
... no UTF-8 mapping file for font encoding PD1
)
(c:/Users/sharkmanhmz/AppData/Roaming/TinyTeX/texmf-dist/tex/generic/intcalc/in
tcalc.sty
Package: intcalc 2019/12/15 v1.3 Expandable calculations with integers (HO)
)
(c:/Users/sharkmanhmz/AppData/Roaming/TinyTeX/texmf-dist/tex/generic/etexcmds/e
texcmds.sty
Package: etexcmds 2019/12/15 v1.7 Avoid name clashes with e-TeX commands (HO)
)
\Hy@SavedSpaceFactor=\count285
Package hyperref Info: Option `unicode' set `true' on input line 4338.

(c:/Users/sharkmanhmz/AppData/Roaming/TinyTeX/texmf-dist/tex/latex/hyperref/pue
nc.def
File: puenc.def 2020-05-15 v7.00e Hyperref: PDF Unicode definition (HO)
Now handling font encoding PU ...
... no UTF-8 mapping file for font encoding PU
)
Package hyperref Info: Option `bookmarks' set `true' on input line 4338.
Package hyperref Info: Option `bookmarksopen' set `true' on input line 4338.
Package hyperref Info: Option `implicit' set `false' on input line 4338.
Package hyperref Info: Hyper figures OFF on input line 4464.
Package hyperref Info: Link nesting OFF on input line 4469.
Package hyperref Info: Hyper index ON on input line 4472.
Package hyperref Info: Plain pages OFF on input line 4479.
Package hyperref Info: Backreferencing OFF on input line 4484.
Package hyperref Info: Implicit mode OFF; no redefinition of LaTeX internals.
Package hyperref Info: Bookmarks ON on input line 4717.
\c@Hy@tempcnt=\count286
(c:/Users/sharkmanhmz/AppData/Roaming/TinyTeX/texmf-dist/tex/latex/url/url.sty
\Urlmuskip=\muskip16
Package: url 2013/09/16  ver 3.4  Verb mode for urls, etc.
)
LaTeX Info: Redefining \url on input line 5076.
\XeTeXLinkMargin=\dimen258

(c:/Users/sharkmanhmz/AppData/Roaming/TinyTeX/texmf-dist/tex/generic/bitset/bit
set.sty
Package: bitset 2019/12/09 v1.3 Handle bit-vector datatype (HO)

(c:/Users/sharkmanhmz/AppData/Roaming/TinyTeX/texmf-dist/tex/generic/bigintcalc
/bigintcalc.sty
Package: bigintcalc 2019/12/15 v1.5 Expandable calculations on big integers (HO
)
))
\Fld@menulength=\count287
\Field@Width=\dimen259
\Fld@charsize=\dimen260
Package hyperref Info: Hyper figures OFF on input line 6347.
Package hyperref Info: Link nesting OFF on input line 6352.
Package hyperref Info: Hyper index ON on input line 6355.
Package hyperref Info: backreferencing OFF on input line 6362.
Package hyperref Info: Link coloring OFF on input line 6367.
Package hyperref Info: Link coloring with OCG OFF on input line 6372.
Package hyperref Info: PDF/A mode OFF on input line 6377.
LaTeX Info: Redefining \ref on input line 6417.
LaTeX Info: Redefining \pageref on input line 6421.
\Hy@abspage=\count288

Package hyperref Message: Stopped early.

)
Package hyperref Info: Driver (autodetected): hpdftex.

(c:/Users/sharkmanhmz/AppData/Roaming/TinyTeX/texmf-dist/tex/latex/hyperref/hpd
ftex.def
File: hpdftex.def 2020-05-15 v7.00e Hyperref driver for pdfTeX

(c:/Users/sharkmanhmz/AppData/Roaming/TinyTeX/texmf-dist/tex/latex/base/atverye
nd-ltx.sty
Package: atveryend-ltx 2020/08/19 v1.0a Emulation of the original atvery packag
e
with kernel methods
)
\Fld@listcount=\count289
\c@bookmark@seq@number=\count290

(c:/Users/sharkmanhmz/AppData/Roaming/TinyTeX/texmf-dist/tex/latex/rerunfileche
ck/rerunfilecheck.sty
Package: rerunfilecheck 2019/12/05 v1.9 Rerun checks for auxiliary files (HO)

(c:/Users/sharkmanhmz/AppData/Roaming/TinyTeX/texmf-dist/tex/generic/uniquecoun
ter/uniquecounter.sty
Package: uniquecounter 2019/12/15 v1.4 Provide unlimited unique counter (HO)
)
Package uniquecounter Info: New unique counter `rerunfilecheck' on input line 2
86.
))
(c:/Users/sharkmanhmz/AppData/Roaming/TinyTeX/texmf-dist/tex/latex/beamer/beame
rbaserequires.sty
(c:/Users/sharkmanhmz/AppData/Roaming/TinyTeX/texmf-dist/tex/latex/beamer/beame
rbasecompatibility.sty)
(c:/Users/sharkmanhmz/AppData/Roaming/TinyTeX/texmf-dist/tex/latex/beamer/beame
rbasefont.sty
(c:/Users/sharkmanhmz/AppData/Roaming/TinyTeX/texmf-dist/tex/latex/amsfonts/ams
symb.sty
Package: amssymb 2013/01/14 v3.01 AMS font symbols

(c:/Users/sharkmanhmz/AppData/Roaming/TinyTeX/texmf-dist/tex/latex/amsfonts/ams
fonts.sty
Package: amsfonts 2013/01/14 v3.01 Basic AMSFonts support
\@emptytoks=\toks27
\symAMSa=\mathgroup4
\symAMSb=\mathgroup5
LaTeX Font Info:    Redeclaring math symbol \hbar on input line 98.
LaTeX Font Info:    Overwriting math alphabet `\mathfrak' in version `bold'
(Font)                  U/euf/m/n --> U/euf/b/n on input line 106.
)))
(c:/Users/sharkmanhmz/AppData/Roaming/TinyTeX/texmf-dist/tex/latex/beamer/beame
rbasetranslator.sty
(c:/Users/sharkmanhmz/AppData/Roaming/TinyTeX/texmf-dist/tex/latex/translator/t
ranslator.sty
Package: translator 2020-08-03 v1.12c Easy translation of strings in LaTeX
))
(c:/Users/sharkmanhmz/AppData/Roaming/TinyTeX/texmf-dist/tex/latex/beamer/beame
rbasemisc.sty)
(c:/Users/sharkmanhmz/AppData/Roaming/TinyTeX/texmf-dist/tex/latex/beamer/beame
rbasetwoscreens.sty)
(c:/Users/sharkmanhmz/AppData/Roaming/TinyTeX/texmf-dist/tex/latex/beamer/beame
rbaseoverlay.sty
\beamer@argscount=\count291
\beamer@lastskipcover=\skip50
\beamer@trivlistdepth=\count292
)
(c:/Users/sharkmanhmz/AppData/Roaming/TinyTeX/texmf-dist/tex/latex/beamer/beame
rbasetitle.sty)
(c:/Users/sharkmanhmz/AppData/Roaming/TinyTeX/texmf-dist/tex/latex/beamer/beame
rbasesection.sty
\c@lecture=\count293
\c@part=\count294
\c@section=\count295
\c@subsection=\count296
\c@subsubsection=\count297
)
(c:/Users/sharkmanhmz/AppData/Roaming/TinyTeX/texmf-dist/tex/latex/beamer/beame
rbaseframe.sty
\beamer@framebox=\box62
\beamer@frametitlebox=\box63
\beamer@zoombox=\box64
\beamer@zoomcount=\count298
\beamer@zoomframecount=\count299
\beamer@frametextheight=\dimen261
\c@subsectionslide=\count300
\beamer@frametopskip=\skip51
\beamer@framebottomskip=\skip52
\beamer@frametopskipautobreak=\skip53
\beamer@framebottomskipautobreak=\skip54
\beamer@envbody=\toks28
\framewidth=\dimen262
\c@framenumber=\count301
)
(c:/Users/sharkmanhmz/AppData/Roaming/TinyTeX/texmf-dist/tex/latex/beamer/beame
rbaseverbatim.sty
\beamer@verbatimfileout=\write4
)
(c:/Users/sharkmanhmz/AppData/Roaming/TinyTeX/texmf-dist/tex/latex/beamer/beame
rbaseframesize.sty
\beamer@splitbox=\box65
\beamer@autobreakcount=\count302
\beamer@autobreaklastheight=\dimen263
\beamer@frametitletoks=\toks29
\beamer@framesubtitletoks=\toks30
)
(c:/Users/sharkmanhmz/AppData/Roaming/TinyTeX/texmf-dist/tex/latex/beamer/beame
rbaseframecomponents.sty
\beamer@footins=\box66
)
(c:/Users/sharkmanhmz/AppData/Roaming/TinyTeX/texmf-dist/tex/latex/beamer/beame
rbasecolor.sty)
(c:/Users/sharkmanhmz/AppData/Roaming/TinyTeX/texmf-dist/tex/latex/beamer/beame
rbasenotes.sty
\beamer@frameboxcopy=\box67
)
(c:/Users/sharkmanhmz/AppData/Roaming/TinyTeX/texmf-dist/tex/latex/beamer/beame
rbasetoc.sty)
(c:/Users/sharkmanhmz/AppData/Roaming/TinyTeX/texmf-dist/tex/latex/beamer/beame
rbasetemplates.sty
\beamer@sbttoks=\toks31

(c:/Users/sharkmanhmz/AppData/Roaming/TinyTeX/texmf-dist/tex/latex/beamer/beame
rbaseauxtemplates.sty
(c:/Users/sharkmanhmz/AppData/Roaming/TinyTeX/texmf-dist/tex/latex/beamer/beame
rbaseboxes.sty
\bmb@box=\box68
\bmb@colorbox=\box69
\bmb@boxshadow=\box70
\bmb@boxshadowball=\box71
\bmb@boxshadowballlarge=\box72
\bmb@temp=\dimen264
\bmb@dima=\dimen265
\bmb@dimb=\dimen266
\bmb@prevheight=\dimen267
)
\beamer@blockheadheight=\dimen268
))
(c:/Users/sharkmanhmz/AppData/Roaming/TinyTeX/texmf-dist/tex/latex/beamer/beame
rbaselocalstructure.sty
(c:/Users/sharkmanhmz/AppData/Roaming/TinyTeX/texmf-dist/tex/latex/tools/enumer
ate.sty
Package: enumerate 2015/07/23 v3.00 enumerate extensions (DPC)
\@enLab=\toks32
)
\c@figure=\count303
\c@table=\count304
\abovecaptionskip=\skip55
\belowcaptionskip=\skip56
)
(c:/Users/sharkmanhmz/AppData/Roaming/TinyTeX/texmf-dist/tex/latex/beamer/beame
rbasenavigation.sty
\beamer@section@min@dim=\dimen269
)
(c:/Users/sharkmanhmz/AppData/Roaming/TinyTeX/texmf-dist/tex/latex/beamer/beame
rbasetheorems.sty
(c:/Users/sharkmanhmz/AppData/Roaming/TinyTeX/texmf-dist/tex/latex/amsmath/amsm
ath.sty
Package: amsmath 2020/09/23 v2.17i AMS math features
\@mathmargin=\skip57
For additional information on amsmath, use the `?' option.

(c:/Users/sharkmanhmz/AppData/Roaming/TinyTeX/texmf-dist/tex/latex/amsmath/amst
ext.sty
Package: amstext 2000/06/29 v2.01 AMS text

(c:/Users/sharkmanhmz/AppData/Roaming/TinyTeX/texmf-dist/tex/latex/amsmath/amsg
en.sty
File: amsgen.sty 1999/11/30 v2.0 generic functions
\@emptytoks=\toks33
\ex@=\dimen270
))
(c:/Users/sharkmanhmz/AppData/Roaming/TinyTeX/texmf-dist/tex/latex/amsmath/amsb
sy.sty
Package: amsbsy 1999/11/29 v1.2d Bold Symbols
\pmbraise@=\dimen271
)
(c:/Users/sharkmanhmz/AppData/Roaming/TinyTeX/texmf-dist/tex/latex/amsmath/amso
pn.sty
Package: amsopn 2016/03/08 v2.02 operator names
)
\inf@bad=\count305
LaTeX Info: Redefining \frac on input line 234.
\uproot@=\count306
\leftroot@=\count307
LaTeX Info: Redefining \overline on input line 399.
\classnum@=\count308
\DOTSCASE@=\count309
LaTeX Info: Redefining \ldots on input line 496.
LaTeX Info: Redefining \dots on input line 499.
LaTeX Info: Redefining \cdots on input line 620.
\Mathstrutbox@=\box73
\strutbox@=\box74
\big@size=\dimen272
LaTeX Font Info:    Redeclaring font encoding OML on input line 743.
LaTeX Font Info:    Redeclaring font encoding OMS on input line 744.
\macc@depth=\count310
\c@MaxMatrixCols=\count311
\dotsspace@=\muskip17
\c@parentequation=\count312
\dspbrk@lvl=\count313
\tag@help=\toks34
\row@=\count314
\column@=\count315
\maxfields@=\count316
\andhelp@=\toks35
\eqnshift@=\dimen273
\alignsep@=\dimen274
\tagshift@=\dimen275
\tagwidth@=\dimen276
\totwidth@=\dimen277
\lineht@=\dimen278
\@envbody=\toks36
\multlinegap=\skip58
\multlinetaggap=\skip59
\mathdisplay@stack=\toks37
LaTeX Info: Redefining \[ on input line 2923.
LaTeX Info: Redefining \] on input line 2924.
)
(c:/Users/sharkmanhmz/AppData/Roaming/TinyTeX/texmf-dist/tex/latex/amscls/amsth
m.sty
Package: amsthm 2020/05/29 v2.20.6
\thm@style=\toks38
\thm@bodyfont=\toks39
\thm@headfont=\toks40
\thm@notefont=\toks41
\thm@headpunct=\toks42
\thm@preskip=\skip60
\thm@postskip=\skip61
\thm@headsep=\skip62
\dth@everypar=\toks43
)
\c@theorem=\count317
)
(c:/Users/sharkmanhmz/AppData/Roaming/TinyTeX/texmf-dist/tex/latex/beamer/beame
rbasethemes.sty))
(c:/Users/sharkmanhmz/AppData/Roaming/TinyTeX/texmf-dist/tex/latex/beamer/beame
rthemedefault.sty
(c:/Users/sharkmanhmz/AppData/Roaming/TinyTeX/texmf-dist/tex/latex/beamer/beame
rfontthemedefault.sty)
(c:/Users/sharkmanhmz/AppData/Roaming/TinyTeX/texmf-dist/tex/latex/beamer/beame
rcolorthemedefault.sty)
(c:/Users/sharkmanhmz/AppData/Roaming/TinyTeX/texmf-dist/tex/latex/beamer/beame
rinnerthemedefault.sty
\beamer@dima=\dimen279
\beamer@dimb=\dimen280
)
(c:/Users/sharkmanhmz/AppData/Roaming/TinyTeX/texmf-dist/tex/latex/beamer/beame
routerthemedefault.sty)))
(c:/Users/sharkmanhmz/AppData/Roaming/TinyTeX/texmf-dist/tex/latex/pgf/utilitie
s/pgfpages.sty
Package: pgfpages 2011/01/05 ver 0.02

(c:/Users/sharkmanhmz/AppData/Roaming/TinyTeX/texmf-dist/tex/latex/tools/calc.s
ty
Package: calc 2017/05/25 v4.3 Infix arithmetic (KKT,FJ)
\calc@Acount=\count318
\calc@Bcount=\count319
\calc@Adimen=\dimen281
\calc@Bdimen=\dimen282
\calc@Askip=\skip63
\calc@Bskip=\skip64
LaTeX Info: Redefining \setlength on input line 80.
LaTeX Info: Redefining \addtolength on input line 81.
\calc@Ccount=\count320
\calc@Cskip=\skip65
)
\pgf@logicalpages=\count321
\pgf@firstshipout=\count322
\pgf@lastshipout=\count323
\pgf@currentshipout=\count324
\pgf@cpn=\count325
\pgf@shipoutnextto=\count326
\pgfphysicalheight=\dimen283
\pgfphysicalwidth=\dimen284
\pgfpages@shipoutbox=\box75
)
(c:/Users/sharkmanhmz/AppData/Roaming/TinyTeX/texmf-dist/tex/latex/lm/lmodern.s
ty
Package: lmodern 2009/10/30 v1.6 Latin Modern Fonts
LaTeX Font Info:    Overwriting symbol font `operators' in version `normal'
(Font)                  OT1/cmr/m/n --> OT1/lmr/m/n on input line 22.
LaTeX Font Info:    Overwriting symbol font `letters' in version `normal'
(Font)                  OML/cmm/m/it --> OML/lmm/m/it on input line 23.
LaTeX Font Info:    Overwriting symbol font `symbols' in version `normal'
(Font)                  OMS/cmsy/m/n --> OMS/lmsy/m/n on input line 24.
LaTeX Font Info:    Overwriting symbol font `largesymbols' in version `normal'
(Font)                  OMX/cmex/m/n --> OMX/lmex/m/n on input line 25.
LaTeX Font Info:    Overwriting symbol font `operators' in version `bold'
(Font)                  OT1/cmr/bx/n --> OT1/lmr/bx/n on input line 26.
LaTeX Font Info:    Overwriting symbol font `letters' in version `bold'
(Font)                  OML/cmm/b/it --> OML/lmm/b/it on input line 27.
LaTeX Font Info:    Overwriting symbol font `symbols' in version `bold'
(Font)                  OMS/cmsy/b/n --> OMS/lmsy/b/n on input line 28.
LaTeX Font Info:    Overwriting symbol font `largesymbols' in version `bold'
(Font)                  OMX/cmex/m/n --> OMX/lmex/m/n on input line 29.
LaTeX Font Info:    Overwriting math alphabet `\mathbf' in version `normal'
(Font)                  OT1/cmr/bx/n --> OT1/lmr/bx/n on input line 31.
LaTeX Font Info:    Overwriting math alphabet `\mathsf' in version `normal'
(Font)                  OT1/cmss/m/n --> OT1/lmss/m/n on input line 32.
LaTeX Font Info:    Overwriting math alphabet `\mathit' in version `normal'
(Font)                  OT1/cmr/m/it --> OT1/lmr/m/it on input line 33.
LaTeX Font Info:    Overwriting math alphabet `\mathtt' in version `normal'
(Font)                  OT1/cmtt/m/n --> OT1/lmtt/m/n on input line 34.
LaTeX Font Info:    Overwriting math alphabet `\mathbf' in version `bold'
(Font)                  OT1/cmr/bx/n --> OT1/lmr/bx/n on input line 35.
LaTeX Font Info:    Overwriting math alphabet `\mathsf' in version `bold'
(Font)                  OT1/cmss/bx/n --> OT1/lmss/bx/n on input line 36.
LaTeX Font Info:    Overwriting math alphabet `\mathit' in version `bold'
(Font)                  OT1/cmr/bx/it --> OT1/lmr/bx/it on input line 37.
LaTeX Font Info:    Overwriting math alphabet `\mathtt' in version `bold'
(Font)                  OT1/cmtt/m/n --> OT1/lmtt/m/n on input line 38.
)
(c:/Users/sharkmanhmz/AppData/Roaming/TinyTeX/texmf-dist/tex/generic/iftex/ifxe
tex.sty
Package: ifxetex 2019/10/25 v0.7 ifxetex legacy package. Use iftex instead.
)
(c:/Users/sharkmanhmz/AppData/Roaming/TinyTeX/texmf-dist/tex/generic/iftex/iflu
atex.sty
Package: ifluatex 2019/10/25 v1.5 ifluatex legacy package. Use iftex instead.
)
(c:/Users/sharkmanhmz/AppData/Roaming/TinyTeX/texmf-dist/tex/latex/base/fontenc
.sty
Package: fontenc 2020/08/10 v2.0s Standard LaTeX package
LaTeX Font Info:    Trying to load font information for T1+lmss on input line 1
12.

(c:/Users/sharkmanhmz/AppData/Roaming/TinyTeX/texmf-dist/tex/latex/lm/t1lmss.fd
File: t1lmss.fd 2009/10/30 v1.6 Font defs for Latin Modern
))
(c:/Users/sharkmanhmz/AppData/Roaming/TinyTeX/texmf-dist/tex/latex/base/inputen
c.sty
Package: inputenc 2020/08/01 v1.3d Input encoding file
\inpenc@prehook=\toks44
\inpenc@posthook=\toks45
)
(c:/Users/sharkmanhmz/AppData/Roaming/TinyTeX/texmf-dist/tex/latex/base/textcom
p.sty
Package: textcomp 2020/02/02 v2.0n Standard LaTeX package
)
(c:/Users/sharkmanhmz/AppData/Roaming/TinyTeX/texmf-dist/tex/latex/microtype/mi
crotype.sty
Package: microtype 2019/11/18 v2.7d Micro-typographical refinements (RS)
\MT@toks=\toks46
\MT@count=\count327
LaTeX Info: Redefining \textls on input line 790.
\MT@outer@kern=\dimen285
LaTeX Info: Redefining \textmicrotypecontext on input line 1354.
\MT@listname@count=\count328

(c:/Users/sharkmanhmz/AppData/Roaming/TinyTeX/texmf-dist/tex/latex/microtype/mi
crotype-pdftex.def
File: microtype-pdftex.def 2019/11/18 v2.7d Definitions specific to pdftex (RS)

LaTeX Info: Redefining \lsstyle on input line 914.
LaTeX Info: Redefining \lslig on input line 914.
\MT@outer@space=\skip66
)
Package microtype Info: Loading configuration file microtype.cfg.

(c:/Users/sharkmanhmz/AppData/Roaming/TinyTeX/texmf-dist/tex/latex/microtype/mi
crotype.cfg
File: microtype.cfg 2019/11/18 v2.7d microtype main configuration file (RS)
))
(c:/Users/sharkmanhmz/AppData/Roaming/TinyTeX/texmf-dist/tex/latex/parskip/pars
kip.sty
Package: parskip 2020-06-15 v2.0f non-zero parskip adjustments
)
(c:/Users/sharkmanhmz/AppData/Roaming/TinyTeX/texmf-dist/tex/latex/l3backend/l3
backend-pdftex.def
File: l3backend-pdftex.def 2020-09-24 L3 backend support: PDF output (pdfTeX)
\l__kernel_color_stack_int=\count329
\l__pdf_internal_box=\box76
)
No file Shadow_Banking.aux.
\openout1 = `Shadow_Banking.aux'.

LaTeX Font Info:    Checking defaults for OML/cmm/m/it on input line 94.
LaTeX Font Info:    ... okay on input line 94.
LaTeX Font Info:    Checking defaults for OMS/cmsy/m/n on input line 94.
LaTeX Font Info:    ... okay on input line 94.
LaTeX Font Info:    Checking defaults for OT1/cmr/m/n on input line 94.
LaTeX Font Info:    ... okay on input line 94.
LaTeX Font Info:    Checking defaults for T1/cmr/m/n on input line 94.
LaTeX Font Info:    ... okay on input line 94.
LaTeX Font Info:    Checking defaults for TS1/cmr/m/n on input line 94.
LaTeX Font Info:    ... okay on input line 94.
LaTeX Font Info:    Checking defaults for OMX/cmex/m/n on input line 94.
LaTeX Font Info:    ... okay on input line 94.
LaTeX Font Info:    Checking defaults for U/cmr/m/n on input line 94.
LaTeX Font Info:    ... okay on input line 94.
LaTeX Font Info:    Checking defaults for PD1/pdf/m/n on input line 94.
LaTeX Font Info:    ... okay on input line 94.
LaTeX Font Info:    Checking defaults for PU/pdf/m/n on input line 94.
LaTeX Font Info:    ... okay on input line 94.
*geometry* driver: auto-detecting
*geometry* detected driver: pdftex
*geometry* verbose mode - [ preamble ] result:
* driver: pdftex
* paper: custom
* layout: <same size as paper>
* layoutoffset:(h,v)=(0.0pt,0.0pt)
* modes: includehead includefoot 
* h-part:(L,W,R)=(28.45274pt, 307.28987pt, 28.45274pt)
* v-part:(T,H,B)=(0.0pt, 273.14662pt, 0.0pt)
* \paperwidth=364.19536pt
* \paperheight=273.14662pt
* \textwidth=307.28987pt
* \textheight=244.6939pt
* \oddsidemargin=-43.81725pt
* \evensidemargin=-43.81725pt
* \topmargin=-72.26999pt
* \headheight=14.22636pt
* \headsep=0.0pt
* \topskip=11.0pt
* \footskip=14.22636pt
* \marginparwidth=4.0pt
* \marginparsep=10.0pt
* \columnsep=10.0pt
* \skip\footins=10.0pt plus 4.0pt minus 2.0pt
* \hoffset=0.0pt
* \voffset=0.0pt
* \mag=1000
* \@twocolumnfalse
* \@twosidefalse
* \@mparswitchfalse
* \@reversemarginfalse
* (1in=72.27pt=25.4mm, 1cm=28.453pt)


(c:/Users/sharkmanhmz/AppData/Roaming/TinyTeX/texmf-dist/tex/latex/epstopdf-pkg
/epstopdf-base.sty
Package: epstopdf-base 2020-01-24 v2.11 Base part for package epstopdf
Package epstopdf-base Info: Redefining graphics rule for `.eps' on input line 4
85.

(c:/Users/sharkmanhmz/AppData/Roaming/TinyTeX/texmf-dist/tex/latex/latexconfig/
epstopdf-sys.cfg
File: epstopdf-sys.cfg 2010/07/13 v1.3 Configuration of (r)epstopdf for TeX Liv
e
))
Package hyperref Info: Link coloring OFF on input line 94.

(c:/Users/sharkmanhmz/AppData/Roaming/TinyTeX/texmf-dist/tex/latex/hyperref/nam
eref.sty
Package: nameref 2019/09/16 v2.46 Cross-referencing by name of section

(c:/Users/sharkmanhmz/AppData/Roaming/TinyTeX/texmf-dist/tex/latex/refcount/ref
count.sty
Package: refcount 2019/12/15 v3.6 Data extraction from label references (HO)
)
(c:/Users/sharkmanhmz/AppData/Roaming/TinyTeX/texmf-dist/tex/generic/gettitlest
ring/gettitlestring.sty
Package: gettitlestring 2019/12/15 v1.6 Cleanup title references (HO)
)
\c@section@level=\count330
)
LaTeX Info: Redefining \ref on input line 94.
LaTeX Info: Redefining \pageref on input line 94.
LaTeX Info: Redefining \nameref on input line 94.
\@outlinefile=\write5
\openout5 = `Shadow_Banking.out'.

LaTeX Font Info:    Overwriting symbol font `operators' in version `normal'
(Font)                  OT1/lmr/m/n --> OT1/cmss/m/n on input line 94.
LaTeX Font Info:    Overwriting symbol font `operators' in version `bold'
(Font)                  OT1/lmr/bx/n --> OT1/cmss/b/n on input line 94.
LaTeX Font Info:    Overwriting symbol font `operators' in version `normal'
(Font)                  OT1/cmss/m/n --> OT1/lmss/m/n on input line 94.
LaTeX Font Info:    Overwriting symbol font `operators' in version `bold'
(Font)                  OT1/cmss/b/n --> OT1/lmss/b/n on input line 94.
\symnumbers=\mathgroup6
\sympureletters=\mathgroup7
LaTeX Font Info:    Overwriting math alphabet `\mathrm' in version `normal'
(Font)                  OT1/lmss/m/n --> T1/lmr/m/n on input line 94.
LaTeX Font Info:    Redeclaring math alphabet \mathbf on input line 94.
LaTeX Font Info:    Overwriting math alphabet `\mathbf' in version `normal'
(Font)                  OT1/lmr/bx/n --> T1/lmss/b/n on input line 94.
LaTeX Font Info:    Overwriting math alphabet `\mathbf' in version `bold'
(Font)                  OT1/lmr/bx/n --> T1/lmss/b/n on input line 94.
LaTeX Font Info:    Redeclaring math alphabet \mathsf on input line 94.
LaTeX Font Info:    Overwriting math alphabet `\mathsf' in version `normal'
(Font)                  OT1/lmss/m/n --> T1/lmss/m/n on input line 94.
LaTeX Font Info:    Overwriting math alphabet `\mathsf' in version `bold'
(Font)                  OT1/lmss/bx/n --> T1/lmss/m/n on input line 94.
LaTeX Font Info:    Redeclaring math alphabet \mathit on input line 94.
LaTeX Font Info:    Overwriting math alphabet `\mathit' in version `normal'
(Font)                  OT1/lmr/m/it --> T1/lmss/m/it on input line 94.
LaTeX Font Info:    Overwriting math alphabet `\mathit' in version `bold'
(Font)                  OT1/lmr/bx/it --> T1/lmss/m/it on input line 94.
LaTeX Font Info:    Redeclaring math alphabet \mathtt on input line 94.
LaTeX Font Info:    Overwriting math alphabet `\mathtt' in version `normal'
(Font)                  OT1/lmtt/m/n --> T1/lmtt/m/n on input line 94.
LaTeX Font Info:    Overwriting math alphabet `\mathtt' in version `bold'
(Font)                  OT1/lmtt/m/n --> T1/lmtt/m/n on input line 94.
LaTeX Font Info:    Overwriting symbol font `numbers' in version `bold'
(Font)                  T1/lmss/m/n --> T1/lmss/b/n on input line 94.
LaTeX Font Info:    Overwriting symbol font `pureletters' in version `bold'
(Font)                  T1/lmss/m/it --> T1/lmss/b/it on input line 94.
LaTeX Font Info:    Overwriting math alphabet `\mathrm' in version `bold'
(Font)                  OT1/lmss/b/n --> T1/lmr/b/n on input line 94.
LaTeX Font Info:    Overwriting math alphabet `\mathbf' in version `bold'
(Font)                  T1/lmss/b/n --> T1/lmss/b/n on input line 94.
LaTeX Font Info:    Overwriting math alphabet `\mathsf' in version `bold'
(Font)                  T1/lmss/m/n --> T1/lmss/b/n on input line 94.
LaTeX Font Info:    Overwriting math alphabet `\mathit' in version `bold'
(Font)                  T1/lmss/m/it --> T1/lmss/b/it on input line 94.
LaTeX Font Info:    Overwriting math alphabet `\mathtt' in version `bold'
(Font)                  T1/lmtt/m/n --> T1/lmtt/b/n on input line 94.

(c:/Users/sharkmanhmz/AppData/Roaming/TinyTeX/texmf-dist/tex/latex/translator/t
ranslator-basic-dictionary-English.dict
Dictionary: translator-basic-dictionary, Language: English 
)
(c:/Users/sharkmanhmz/AppData/Roaming/TinyTeX/texmf-dist/tex/latex/translator/t
ranslator-bibliography-dictionary-English.dict
Dictionary: translator-bibliography-dictionary, Language: English 
)
(c:/Users/sharkmanhmz/AppData/Roaming/TinyTeX/texmf-dist/tex/latex/translator/t
ranslator-environment-dictionary-English.dict
Dictionary: translator-environment-dictionary, Language: English 
)
(c:/Users/sharkmanhmz/AppData/Roaming/TinyTeX/texmf-dist/tex/latex/translator/t
ranslator-months-dictionary-English.dict
Dictionary: translator-months-dictionary, Language: English 
)
(c:/Users/sharkmanhmz/AppData/Roaming/TinyTeX/texmf-dist/tex/latex/translator/t
ranslator-numbers-dictionary-English.dict
Dictionary: translator-numbers-dictionary, Language: English 
)
(c:/Users/sharkmanhmz/AppData/Roaming/TinyTeX/texmf-dist/tex/latex/translator/t
ranslator-theorem-dictionary-English.dict
Dictionary: translator-theorem-dictionary, Language: English 
)
LaTeX Info: Redefining \microtypecontext on input line 94.
Package microtype Info: Generating PDF output.
Package microtype Info: Character protrusion enabled (level 2).
Package microtype Info: Using protrusion set `basicmath'.
Package microtype Info: Automatic font expansion enabled (level 2),
(microtype)             stretch: 20, shrink: 20, step: 1, non-selected.
Package microtype Info: Using default expansion set `basictext'.
LaTeX Info: Redefining \showhyphens on input line 94.
Package microtype Info: No adjustment of tracking.
Package microtype Info: No adjustment of interword spacing.
Package microtype Info: No adjustment of character kerning.
Package microtype Info: Loading generic protrusion settings for font family
(microtype)             `lmss' (encoding: T1).
(microtype)             For optimal results, create family-specific settings.
(microtype)             See the microtype manual for details.
No file Shadow_Banking.nav.
[1

{c:/Users/sharkmanhmz/AppData/Roaming/TinyTeX/texmf-var/fonts/map/pdftex/updmap
/pdftex.map}]
LaTeX Font Info:    Trying to load font information for OT1+lmss on input line 
117.

(c:/Users/sharkmanhmz/AppData/Roaming/TinyTeX/texmf-dist/tex/latex/lm/ot1lmss.f
d
File: ot1lmss.fd 2009/10/30 v1.6 Font defs for Latin Modern
)
Package microtype Info: Loading generic protrusion settings for font family
(microtype)             `lmss' (encoding: OT1).
(microtype)             For optimal results, create family-specific settings.
(microtype)             See the microtype manual for details.
LaTeX Font Info:    Trying to load font information for OML+lmm on input line 1
17.

(c:/Users/sharkmanhmz/AppData/Roaming/TinyTeX/texmf-dist/tex/latex/lm/omllmm.fd
File: omllmm.fd 2009/10/30 v1.6 Font defs for Latin Modern
)
LaTeX Font Info:    Trying to load font information for OMS+lmsy on input line 
117.

(c:/Users/sharkmanhmz/AppData/Roaming/TinyTeX/texmf-dist/tex/latex/lm/omslmsy.f
d
File: omslmsy.fd 2009/10/30 v1.6 Font defs for Latin Modern
)
LaTeX Font Info:    Trying to load font information for OMX+lmex on input line 
117.

(c:/Users/sharkmanhmz/AppData/Roaming/TinyTeX/texmf-dist/tex/latex/lm/omxlmex.f
d
File: omxlmex.fd 2009/10/30 v1.6 Font defs for Latin Modern
)
LaTeX Font Info:    External font `lmex10' loaded for size
(Font)              <10.95> on input line 117.
LaTeX Font Info:    External font `lmex10' loaded for size
(Font)              <8> on input line 117.
LaTeX Font Info:    External font `lmex10' loaded for size
(Font)              <6> on input line 117.
LaTeX Font Info:    Trying to load font information for U+msa on input line 117
.

(c:/Users/sharkmanhmz/AppData/Roaming/TinyTeX/texmf-dist/tex/latex/amsfonts/ums
a.fd
File: umsa.fd 2013/01/14 v3.01 AMS symbols A
)
(c:/Users/sharkmanhmz/AppData/Roaming/TinyTeX/texmf-dist/tex/latex/microtype/mt
-msa.cfg
File: mt-msa.cfg 2006/02/04 v1.1 microtype config. file: AMS symbols (a) (RS)
)
LaTeX Font Info:    Trying to load font information for U+msb on input line 117
.

(c:/Users/sharkmanhmz/AppData/Roaming/TinyTeX/texmf-dist/tex/latex/amsfonts/ums
b.fd
File: umsb.fd 2013/01/14 v3.01 AMS symbols B
)
(c:/Users/sharkmanhmz/AppData/Roaming/TinyTeX/texmf-dist/tex/latex/microtype/mt
-msb.cfg
File: mt-msb.cfg 2005/06/01 v1.0 microtype config. file: AMS symbols (b) (RS)
)
LaTeX Font Info:    Font shape `T1/lmss/m/it' in size <10.95> not available
(Font)              Font shape `T1/lmss/m/sl' tried instead on input line 117.
LaTeX Font Info:    Font shape `T1/lmss/m/it' in size <8> not available
(Font)              Font shape `T1/lmss/m/sl' tried instead on input line 117.
LaTeX Font Info:    Font shape `T1/lmss/m/it' in size <6> not available
(Font)              Font shape `T1/lmss/m/sl' tried instead on input line 117.
[2

] [3

] [4

] [5

]
LaTeX Font Info:    External font `lmex10' loaded for size
(Font)              <10> on input line 201.
LaTeX Font Info:    External font `lmex10' loaded for size
(Font)              <7> on input line 201.
LaTeX Font Info:    External font `lmex10' loaded for size
(Font)              <5> on input line 201.
LaTeX Font Info:    Font shape `T1/lmss/m/it' in size <10> not available
(Font)              Font shape `T1/lmss/m/sl' tried instead on input line 201.
LaTeX Font Info:    Font shape `T1/lmss/m/it' in size <7> not available
(Font)              Font shape `T1/lmss/m/sl' tried instead on input line 201.
LaTeX Font Info:    Font shape `T1/lmss/m/it' in size <5> not available
(Font)              Font shape `T1/lmss/m/sl' tried instead on input line 201.
[6

]

! Package amsmath Error: Erroneous nesting of equation structures;
(amsmath)                trying to recover with `aligned'.

See the amsmath package documentation for explanation.
Type  H <return>  for immediate help.
 ...                                              
                                                  
l.222 \end{frame}
                  
Here is how much of TeX's memory you used:
 22468 strings out of 481433
 420027 string characters out of 5918561
 714908 words of memory out of 5000000
 38690 multiletter control sequences out of 15000+600000
 599891 words of font info for 96 fonts, out of 8000000 for 9000
 14 hyphenation exceptions out of 8191
 107i,11n,111p,519b,464s stack positions out of 5000i,500n,10000p,200000b,80000s

!  ==> Fatal error occurred, no output PDF file produced!
